<?xml version="1.0" encoding="UTF-8"?>
<!-- Generated by org.testng.reporters.JUnitReportReporter -->
<testsuite skipped="0" hostname="DESKTOP-GJA9UDI" name="com.mystore.testcases.AddToCartPageTest" tests="1" failures="0" timestamp="2022-06-02T19:17:18 IST" time="31.393" errors="0">
  <testcase name="addtoCartTest" time="31.393" classname="com.mystore.testcases.AddToCartPageTest"/>
  <system-out/>
</testsuite> <!-- com.mystore.testcases.AddToCartPageTest -->
