<?xml version="1.0" encoding="UTF-8"?>
<!-- Generated by org.testng.reporters.JUnitReportReporter -->
<testsuite skipped="0" hostname="DESKTOP-GJA9UDI" name="com.mystore.testcases.HomePageTest" tests="2" failures="0" timestamp="2022-06-02T19:17:19 IST" time="38.526" errors="0">
  <testcase name="orderHistoryTest" time="18.186" classname="com.mystore.testcases.HomePageTest"/>
  <system-out/>
  <testcase name="wishlistTest" time="20.340" classname="com.mystore.testcases.HomePageTest"/>
  <system-out/>
</testsuite> <!-- com.mystore.testcases.HomePageTest -->
