<?xml version="1.0" encoding="UTF-8"?>
<!-- Generated by org.testng.reporters.JUnitReportReporter -->
<testsuite skipped="0" hostname="DESKTOP-GJA9UDI" name="com.mystore.testcases.IndexPageTest" tests="2" failures="0" timestamp="2022-06-03T15:46:38 IST" time="17.863" errors="0">
  <testcase name="verifyLogo" time="8.522" classname="com.mystore.testcases.IndexPageTest"/>
  <system-out/>
  <testcase name="verifyTitle" time="9.341" classname="com.mystore.testcases.IndexPageTest"/>
  <system-out/>
</testsuite> <!-- com.mystore.testcases.IndexPageTest -->
