<?xml version="1.0" encoding="UTF-8"?>
<!-- Generated by org.testng.reporters.JUnitReportReporter -->
<testsuite skipped="0" hostname="DESKTOP-GJA9UDI" name="com.mystore.testcases.SearchResultPageTest" tests="1" failures="0" timestamp="2022-06-02T19:17:18 IST" time="15.499" errors="0">
  <testcase name="productAvailabilityTest" time="15.499" classname="com.mystore.testcases.SearchResultPageTest"/>
  <system-out/>
</testsuite> <!-- com.mystore.testcases.SearchResultPageTest -->
